C51 COMPILER V9.60.0.0   MAIN                                                              12/20/2020 19:31:16 PAGE 1   


C51 COMPILER V9.60.0.0, COMPILATION OF MODULE MAIN
OBJECT MODULE PLACED IN .\Objects\main.obj
COMPILER INVOKED BY: D:\APP\Keil\C51\BIN\C51.EXE main.c OPTIMIZE(8,SPEED) BROWSE INCDIR(.\app) DEBUG OBJECTEXTEND PRINT(
                    -.\Listings\main.lst) OBJECT(.\Objects\main.obj)

line level    source

   1          //****************************************
   2          // 主程序
   3          //****************************************
   4          #include "reg51.h"
   5          #include "send.h"
   6          #include "mpu6050.h"
   7          #include "heart.h"
   8          #include "oled.h"
   9          
  10          //*******************************************************************************************************
  11          //主程序
  12          //*******************************************************************************************************
  13          void main()
  14          { 
  15   1              //初始化串口
  16   1              uInit();
  17   1              // 初始化串口2
  18   1              u2Init();
  19   1              delay(150);
  20   1      //      // 初始化MPU6050
  21   1              InitMPU6050();
  22   1              //OLED 屏幕初始化
  23   1              oledInit();
  24   1      //      delay(150);
  25   1              while(1)
  26   1              {
  27   2                      //oledInit();
  28   2                      //获取心率传感器的数据
  29   2                      Startheart();
  30   2                      //获取xyz传感器的数据
  31   2                      startGetPosition();
  32   2                      //SendString("1:hello,word\r\n");
  33   2                      //SendString2("2:hello,word\r\n");
  34   2                      delay(5000);
  35   2              }
  36   1      }
  37          


MODULE INFORMATION:   STATIC OVERLAYABLE
   CODE SIZE        =     34    ----
   CONSTANT SIZE    =   ----    ----
   XDATA SIZE       =   ----    ----
   PDATA SIZE       =   ----    ----
   DATA SIZE        =   ----    ----
   IDATA SIZE       =   ----    ----
   BIT SIZE         =   ----    ----
END OF MODULE INFORMATION.


C51 COMPILATION COMPLETE.  0 WARNING(S),  0 ERROR(S)
