C51 COMPILER V9.60.0.0   MAIN                                                              09/06/2020 19:18:49 PAGE 1   


C51 COMPILER V9.60.0.0, COMPILATION OF MODULE MAIN
OBJECT MODULE PLACED IN .\Objects\main.obj
COMPILER INVOKED BY: D:\APP\Keil\C51\BIN\C51.EXE main.c OPTIMIZE(8,SPEED) BROWSE INCDIR(.\app) DEBUG OBJECTEXTEND PRINT(
                    -.\Listings\main.lst) OBJECT(.\Objects\main.obj)

line level    source

   1          //****************************************
   2          // 主程序
   3          //****************************************
   4          #include "reg51.h"
   5          #include "send.h"
   6          #include "mpu6050.h"
   7          uchar dis[6];                                   //显示数字(-511至512)的字符数组
   8          
   9          
  10          // 串口显示加速度传感器的数据
  11          void display(int value){
  12   1              int i;
  13   1              lcd_printf(dis,value);
  14   1              for(i=0;i<6;i++)
  15   1              {
  16   2             SendData(dis[i]);
  17   2          }
  18   1      }
  19          
  20          //*******************************************************************************************************
  21          //主程序
  22          //*******************************************************************************************************
  23          void main()
  24          { 
  25   1              //初始化串口
  26   1              uInit();
  27   1              delay(150);
  28   1              // 初始化MPU6050
  29   1              InitMPU6050();
  30   1              delay(150);
  31   1              while(1)
  32   1              {
  33   2                      display(GetData(ACCEL_XOUT_H)); //显示X轴加速度
  34   2                      display(GetData(ACCEL_YOUT_H)); //显示Y轴加速度
  35   2                      display(GetData(ACCEL_ZOUT_H)); //显示Z轴加速度
  36   2                      display(GetData(GYRO_XOUT_H));          //显示X轴角速度
  37   2                      display(GetData(GYRO_YOUT_H));          //显示Y轴角速度
  38   2                      display(GetData(GYRO_ZOUT_H));          //显示Z轴角速度
  39   2                      SendString("\r\n");
  40   2                      delay(2000);
  41   2              }
  42   1      }
  43          


MODULE INFORMATION:   STATIC OVERLAYABLE
   CODE SIZE        =    134    ----
   CONSTANT SIZE    =      3    ----
   XDATA SIZE       =   ----    ----
   PDATA SIZE       =   ----    ----
   DATA SIZE        =      6       2
   IDATA SIZE       =   ----    ----
   BIT SIZE         =   ----    ----
END OF MODULE INFORMATION.

C51 COMPILER V9.60.0.0   MAIN                                                              09/06/2020 19:18:49 PAGE 2   


C51 COMPILATION COMPLETE.  0 WARNING(S),  0 ERROR(S)
